AAPL 148.070007 10918
AMD. 61.599998 8387
NFLX 298.329987 1461
IBM. 135.550003 399
IBM. 135.559998 596
NFLX 297.700012 996
AMD. 59.099998 7819
ARM. 56.099998 13053
META 97.980003 23231
AAPL 148.199997 16476
IBM. 138.059998 491
AAPL 153.160004 9794
GOOG 94.309998 5403
NFLX 295.130005 750
NFLX 296.170013 691
META 99.580002 9592
GOOG 92.529999 3569
ARM. 68.629997 7456
NFLX 286.399994 1036
AAPL 155.080002 8037
NFLX 271.250000 705
AAPL 148.949997 9360
IBM. 138.250000 359
GOOG 95.779999 2986
INTC 27.450001 5630
GOOG 95.589996 4322
NVDA 136.300003 5831
AAPL 142.059998 9791
IBM. 137.750000 536
IBM. 136.419998 444
ARM. 57.950001 3457
NFLX 272.019989 1112
IBM. 135.649994 417
IBM. 136.639999 404
META 98.220001 12136
IBM. 139.000000 504
AAPL 142.089996 14081
AMD. 60.750000 7327
NVDA 131.039993 5210
IBM. 137.949997 472
META 94.330002 11018
AMD. 61.490002 8380
INTC 28.180000 9169
ARM. 56.250000 1830
NVDA 137.779999 4863
NFLX 261.059998 792
IBM. 140.259995 538
AMD. 63.000000 14266
NFLX 259.920013 768
AMZN 113.919998 12960
NFLX 259.660004 726
AMZN 97.910004 22313
NFLX 265.989990 966
AAPL 137.110001 8337
NVDA 138.110001 4328
TSLA 229.770004 6163
ARM. 55.169998 1636
IBM. 141.500000 587
TSLA 225.399994 6915
TSLA 226.190002 6155
INTC 29.080000 5950
META 94.209999 7182
GOOG 90.910004 4355
META 90.080002 6066
NVDA 138.500000 6726
CSCO 44.770000 1810
TSLA 234.050003 6268
AAPL 140.410004 8990
TSLA 226.039993 6307
AMD. 58.110001 9527
NVDA 130.429993 5000
TSLA 211.360001 5653
TSLA 222.600006 9862
GOOG 86.345001 4851
INTC 28.799999 4441
TSLA 208.649994 9391
NVDA 139.860001 6125
ARM. 51.779999 1498
AMZN 103.559998 9925
AMD. 62.500000 8479
INTC 28.270000 5195
TSLA 194.020004 12880
GOOG 85.510002 4017
CSCO 44.689999 1797
AAPL 138.500000 7491
CSCO 45.310001 1779
CSCO 45.580002 1208
IBM. 142.630005 529
INTC 27.450001 3967
AAPL 141.240005 11885
NFLX 274.470001 957
TSLA 190.779999 12706
TSLA 189.899994 13270
TSLA 186.000000 11440
AAPL 145.820007 9397
GOOG 87.339996 2689
GOOG 89.160004 3017
NFLX 290.000000 1797
INTC 27.570000 4305
GOOG 88.544998 2674
AAPL 148.970001 7337
GOOG 92.339996 4237
INTC 28.360001 3438
AAPL 152.220001 8986
NVDA 142.279999 4100
GOOG 94.709999 3056
META 90.349998 5563
AMZN 103.989998 15337
NFLX 309.200012 1462
META 94.779999 8198
CSCO 45.470001 1530
AMZN 97.320000 13576
CSCO 44.029999 1789
NFLX 309.940002 803
NVDA 148.009995 5952
AMZN 92.470001 13668
AAPL 149.130005 6421
META 95.919998 5208
AAPL 146.429993 8038
INTC 28.760000 3625
IBM. 144.080002 472
ARM. 52.900002 843
ARM. 51.119999 1289
AMZN 91.489998 12910
TSLA 192.770004 9222
IBM. 144.130005 344
IBM. 143.410004 395
TSLA 195.880005 9129
NFLX 294.720001 983
META 101.720001 10767
ARM. 53.930000 628
AMZN 91.949997 7749
GOOG 95.500000 2417
META 107.120003 8067
TSLA 191.509995 6656
INTC 28.219999 3054
NFLX 297.329987 840
GOOG 98.669998 3183
INTC 28.879999 6294
IBM. 146.559998 466
META 109.230003 5996
NVDA 141.619995 4544
AMD. 62.930000 6272
AAPL 152.309998 7482
AMD. 64.089996 7593
AAPL 150.160004 5872
CSCO 44.500000 1964
AAPL 148.130005 5180
GOOG 98.019997 2466
NVDA 148.000000 7008
IBM. 147.550003 347
AAPL 149.449997 5830
NVDA 158.070007 6554
INTC 28.930000 4982
CSCO 44.830002 2138
AMZN 90.790001 8870
AMZN 89.470001 9079
TSLA 183.960007 6433
AMD. 62.279999 6294
ARM. 54.400002 686
CSCO 44.689999 1750
NFLX 291.000000 725
CSCO 44.509998 1931
TSLA 185.050003 7604
ARM. 53.500000 876
INTC 30.340000 3939
AAPL 148.309998 3519
IBM. 147.600006 706
GOOG 97.180000 2181
NVDA 162.179993 5278
TSLA 175.850006 9288
INTC 31.100000 4093
TSLA 168.630005 7845
NVDA 167.220001 5458
INTC 30.110001 3558
NFLX 284.989990 624
NFLX 285.910004 591
GOOG 99.010002 2496
TSLA 173.570007 10953
CSCO 45.700001 2719
NFLX 289.000000 323
META 110.989998 5339
TSLA 185.059998 5067
CSCO 45.180000 2596
CSCO 44.830002 2109
NFLX 284.000000 470
CSCO 45.040001 1931
AMD. 64.300003 10799
AMZN 92.940002 17341
NFLX 282.500000 578
META 116.070000 5067
INTC 29.070000 3198
ARM. 56.209999 779
GOOG 97.559998 1869
AMD. 69.580002 11170
AMZN 97.879997 11159
GOOG 96.160004 1886
IBM. 149.100006 365
AMD. 75.220001 10889
GOOG 97.339996 1756
GOOG 98.464996 856
TSLA 179.960007 9290
META 114.500000 3328
AMZN 98.769997 9953
GOOG 97.199997 1997
INTC 30.260000 2712
ARM. 53.474998 885
AMZN 103.209999 11133
IBM. 148.270004 207
IBM. 147.979996 353
TSLA 184.990005 8335
TSLA 182.429993 10918
META 110.410004 3509
TSLA 197.080002 8004
NFLX 281.369995 1607
ARM. 51.959999 468
INTC 29.660000 3608
AMD. 77.260002 10894
AMD. 73.660004 7996
TSLA 191.779999 7364
AMD. 70.559998 8232
GOOG 96.000000 2022
ARM. 51.970001 620
NFLX 303.989990 1466
META 113.800003 3335
META 111.519997 2435
NFLX 310.489990 1269
AMD. 75.070000 7322
META 109.860001 2902
IBM. 145.910004 275
AAPL 145.139999 6924
NVDA 161.619995 6495
ARM. 53.900002 298
AAPL 144.289993 8376
CSCO 44.939999 2493
NFLX 316.459991 842
TSLA 189.440002 9312
TSLA 181.220001 9215
GOOG 95.120003 3988
AMZN 96.849998 8795
AMZN 95.370003 8261
IBM. 146.190002 637
AMD. 72.209999 5153
IBM. 149.979996 449
AMZN 95.949997 7242
NFLX 311.000000 719
IBM. 148.130005 290
AMZN 93.970001 8433
AMD. 72.720001 5545
AMZN 92.620003 6219
AAPL 141.399994 11138
NVDA 157.149994 7108
AAPL 148.210007 7125
IBM. 147.940002 278
AMZN 93.239998 5941
AMZN 93.790001 3508
IBM. 147.300003 284
IBM. 147.330002 397
META 111.720001 2134
AMD. 75.489998 8162
AAPL 145.960007 6544
AAPL 147.770004 6882
ARM. 52.720001 400
META 111.300003 1200
TSLA 175.029999 8421
AAPL 147.070007 6472
CSCO 46.189999 3888
NVDA 159.660004 4920
NVDA 151.470001 4047
AAPL 142.190002 6972
INTC 29.139999 2558
NVDA 153.279999 4728
NVDA 160.979996 4272
ARM. 54.320000 719
AMD. 75.669998 2601
TSLA 172.199997 9762
INTC 29.730000 2314
TSLA 173.839996 10487
CSCO 46.910000 3084
INTC 29.680000 1131
CSCO 47.610001 1704
TSLA 176.100006 10979
AAPL 142.360001 6212
NVDA 163.179993 1679
IBM. 147.899994 266
NVDA 160.259995 3037
CSCO 48.000000 1636
NFLX 306.500000 782
AAPL 142.339996 7609
CSCO 48.400002 1206
AAPL 142.699997 7046
IBM. 147.399994 304
META 110.779999 2330
CSCO 48.750000 849
TSLA 174.869995 17586
TSLA 159.250000 14068
AMZN 93.930000 7494
AAPL 149.500000 9388
INTC 29.100000 2826
AMD. 73.809998 4538
GOOG 101.400002 2177
NFLX 309.109985 720
META 109.540001 2389
AMD. 73.620003 5184
AAPL 145.350006 8229
IBM. 147.820007 403
INTC 28.850000 2436
IBM. 150.369995 881
AMD. 73.379997 8846
AMZN 94.040001 6556
NVDA 158.270004 2983
GOOG 99.370003 1882
AMZN 92.470001 10280
AMD. 78.309998 5983
AMZN 96.989998 6848
ARM. 55.240002 513
META 109.510002 4334
INTC 28.770000 7207
CSCO 48.290001 1497
IBM. 150.470001 420
AMD. 75.050003 6437
META 119.199997 3655
TSLA 153.440002 12233
AMZN 94.480003 7249
AAPL 141.110001 9893
CSCO 48.250000 1377
AAPL 136.690002 16015
NFLX 321.450012 1436
CSCO 48.169998 2991
AMZN 93.050003 7153
GOOG 99.815002 1995
TSLA 159.639999 13903
GOOG 99.669998 2087
INTC 30.240000 3889
AMZN 90.500000 7550
META 117.830002 3995
GOOG 96.769997 2664
INTC 29.170000 3154
INTC 29.420000 3404
TSLA 154.000000 13939
CSCO 49.880001 1855
ARM. 56.169998 445
META 121.750000 3547
AMD. 74.540001 4702
NFLX 320.000000 1014
CSCO 49.230000 1232
NVDA 156.970001 5652
ARM. 54.750000 732
TSLA 146.050003 15956
ARM. 52.500000 645
NVDA 169.990005 4709
TSLA 139.339996 14541
NVDA 166.589996 3713
META 119.910004 4368
GOOG 95.690002 2559
AMZN 88.339996 6808
INTC 29.190001 2770
CSCO 49.549999 1379
IBM. 148.520004 668
NFLX 328.000000 1075
AMZN 89.239998 7330
AMD. 73.080002 6496
NFLX 318.970001 754
CSCO 49.439999 1544
IBM. 141.250000 983
CSCO 48.400002 1517
ARM. 51.040001 331
ARM. 51.000000 254
INTC 28.280001 2823
AAPL 135.110001 7959
NFLX 302.119995 1772
META 113.760002 2946
IBM. 140.160004 528
IBM. 138.839996 515
AMZN 88.900002 6739
ARM. 52.279999 226
INTC 28.320000 2848
AMD. 69.529999 5918
META 116.389999 3061
GOOG 93.900002 2188
IBM. 141.839996 379
INTC 28.389999 2564
IBM. 140.949997 333
GOOG 93.089996 2738
GOOG 98.070000 3478
AMZN 89.209999 6199
AMZN 95.230003 10021
CSCO 48.660000 1601
TSLA 136.000000 21009
ARM. 52.000000 455
IBM. 140.589996 209
CSCO 49.099998 1430
AMZN 92.500000 7029
IBM. 141.729996 274
TSLA 126.370003 16698
AMZN 89.889999 8480
AMD. 70.139999 5673
GOOG 95.540001 2645
TSLA 117.500000 20864
AAPL 131.389999 7743
AMD. 69.489998 5905
TSLA 110.349998 22107
AAPL 132.979996 8592
AAPL 134.350006 7785
NVDA 166.789993 3522
CSCO 48.799999 1542
INTC 28.129999 3511
NFLX 288.760010 1408
INTC 29.790001 5854
AAPL 130.919998 6381
GOOG 93.540001 2829
CSCO 50.330002 2270
TSLA 120.389999 22192
TSLA 119.949997 15777
NFLX 289.730011 616
AMD. 68.540001 6096
AMZN 88.269997 14614
IBM. 142.399994 253
AMZN 87.510002 8353
ARM. 49.740002 807
AAPL 131.380005 6900
AMD. 74.870003 7245
AAPL 129.669998 8543
AMD. 70.930000 6727
NFLX 281.239990 691
AMZN 85.330002 7434
AAPL 127.989998 7570
NFLX 289.989990 637
GOOG 91.199997 4848
INTC 28.510000 3714
NVDA 165.300003 3526
INTC 27.940001 4568
GOOG 90.879997 2302
AMZN 86.180000 5926
AMZN 85.519997 8143
AMZN 83.250000 5743
AMD. 67.599998 5855
CSCO 49.740002 1905
CSCO 48.959999 1937
IBM. 140.580002 233
INTC 27.000000 8110
NFLX 298.089996 785
NFLX 296.179993 425
NFLX 293.190002 577
AAPL 128.410004 7703
TSLA 118.470001 23140
AAPL 130.279999 11211
AMZN 84.970001 5728
TSLA 109.110001 18038
AAPL 126.889999 8911
ARM. 47.220001 997
NFLX 281.920013 596
META 115.300003 2603
NVDA 157.720001 3723
AAPL 127.129997 8096
CSCO 47.410000 6612
NVDA 162.729996 5154
AAPL 126.010002 8775
CSCO 47.660000 1798
TSLA 110.510002 15798
GOOG 88.730003 2197
GOOG 89.730003 2033
INTC 26.900000 3766
GOOG 88.930000 2365
ARM. 52.000000 721
TSLA 103.000000 22091
AMZN 82.800003 5822
ARM. 52.700001 451
TSLA 118.959999 19028
META 115.180000 2474
CSCO 47.410000 1508
NFLX 283.179993 958
CSCO 47.689999 1559
AMZN 82.870003 5499
AMZN 83.120003 6240
TSLA 121.070000 16764
AMZN 85.459999 7670
AMZN 86.550003 6888
ARM. 50.060001 353
GOOG 87.620003 1781
META 122.129997 4470
IBM. 140.539993 285
AMZN 85.330002 6793
META 119.389999 3692
CSCO 47.490002 2311
NFLX 285.529999 756
CSCO 47.250000 955
AAPL 130.470001 7079
NFLX 298.059998 676
GOOG 89.309998 1547
NFLX 298.239990 934
AMD. 66.250000 6243
META 118.330002 3453
INTC 26.540001 3186
NFLX 307.000000 832
IBM. 141.100006 333
IBM. 142.070007 386
TSLA 122.089996 18381
CSCO 47.669998 1206
META 120.230003 6706
AAPL 130.259995 6389
NVDA 171.600006 4653
NFLX 311.570007 895
AAPL 131.250000 6945
TSLA 122.559998 16940
INTC 26.590000 2810
INTC 26.450001 4747
META 116.830002 2976
CSCO 47.689999 984
GOOG 87.500000 1787
CSCO 47.259998 1139
CSCO 47.270000 1319
NVDA 170.369995 4573
AMZN 83.029999 8330
TSLA 116.550003 18071
GOOG 87.029999 1828
IBM. 142.440002 286
NFLX 316.829987 676
IBM. 142.380005 357
META 113.260002 2874
NFLX 311.070007 1307
META 116.699997 2039
GOOG 87.364998 1919
NFLX 326.500000 957
CSCO 47.860001 1771
NVDA 185.309998 6565
TSLA 125.699997 18647
AMZN 87.459999 6526
META 117.199997 2361
META 116.029999 1779
IBM. 144.080002 398
CSCO 48.279999 1833
AMZN 87.570000 6775
AMD. 65.120003 4624
CSCO 47.490002 1737
AAPL 133.880005 7137
AMZN 90.930000 10312
NFLX 332.500000 1085
GOOG 89.830002 2073
TSLA 136.559998 19568
IBM. 143.610001 215
NFLX 329.970001 828
TSLA 127.260002 17029
NVDA 179.869995 4968
GOOG 91.010002 2704
META 117.930000 2139
INTC 25.920000 2360
AMZN 96.930000 8525
AMZN 94.180000 8554
GOOG 88.070000 2313
IBM. 145.000000 326
CSCO 47.459999 2082
META 116.250000 1961
NFLX 331.079987 924
AMZN 98.680000 7275
IBM. 144.880005 271
NFLX 326.750000 781
NVDA 171.460007 4785
NFLX 322.570007 1800
AMD. 63.759998 5243
TSLA 128.679993 13885
NFLX 336.790009 2843
TSLA 135.869995 20311
IBM. 144.059998 245
TSLA 143.000000 15869
AMZN 97.250000 7957
AAPL 132.029999 5780
META 116.400002 2236
NFLX 341.720001 1564
NVDA 168.639999 4782
TSLA 141.910004 19273
TSLA 159.970001 23481
NFLX 357.529999 1179
GOOG 87.360001 2661
NFLX 360.570007 776
AMZN 94.739998 6900
AMZN 93.860001 6748
CSCO 48.259998 1393
NFLX 368.769989 825
META 118.160004 1958
INTC 25.850000 2954
NFLX 363.200012 670
NVDA 165.720001 3540
META 122.820000 3552
NVDA 160.639999 4032
CSCO 48.799999 1247
TSLA 162.429993 30659
TSLA 178.050003 23087
IBM. 146.419998 298
AAPL 134.830002 6364
TSLA 164.570007 19681
TSLA 173.889999 21380
AMZN 97.559998 7650
INTC 25.840000 2617
AMD. 65.430000 4416
AMZN 96.930000 6692
IBM. 144.399994 644
CSCO 48.830002 1253
AAPL 136.820007 6967
AMZN 92.559998 9426
AAPL 134.080002 5828
GOOG 89.195000 2299
AAPL 135.279999 8022
NFLX 358.440002 512
NFLX 349.980011 566
AMZN 98.239998 6852
CSCO 49.209999 1424
AMZN 99.529999 8777
GOOG 86.720001 2285
AMZN 101.089996 7069
AMD. 66.080002 7391
AMZN 101.160004 6652
AMD. 63.110001 4592
NVDA 161.139999 3250
NVDA 160.940002 5650
AMZN 102.529999 8045
IBM. 140.000000 483
NVDA 151.960007 3493
META 127.379997 3239
META 126.129997 2544
AAPL 138.119995 8176
AMZN 110.250000 15815
IBM. 141.669998 715
AMD. 63.869999 3608
AAPL 140.309998 6643
CSCO 48.560001 1264
GOOG 90.059998 2599
AAPL 140.889999 6579
META 128.970001 2758
META 131.160004 2664
GOOG 92.400002 2275
CSCO 48.919998 1929
INTC 25.770000 3094
NFLX 353.859985 800
META 127.269997 2868
TSLA 187.330002 21744
META 130.960007 2542
GOOG 91.528000 1863
META 133.440002 3075
GOOG 92.779999 2293
CSCO 48.189999 1988
NFLX 365.160004 785
TSLA 183.949997 23266
IBM. 141.399994 589
META 134.970001 2242
CSCO 46.950001 1911
CSCO 46.060001 2184
NVDA 150.740005 4649
INTC 25.900000 3103
INTC 27.049999 3130
TSLA 193.009995 18618
GOOG 92.940002 1964
AMD. 62.540001 3952
NFLX 359.079987 940
AAPL 143.169998 5410
IBM. 141.250000 440
NFLX 363.640015 499
NFLX 358.510010 628
TSLA 196.429993 18601
NFLX 360.019989 625
AMD. 63.639999 4142
CSCO 46.900002 1518
AMZN 105.260002 14437
GOOG 91.389999 2870
NVDA 139.270004 3510
AAPL 143.160004 7055
AMD. 63.770000 3712
INTC 27.410000 3766
TSLA 196.100006 18067
META 136.179993 2114
AAPL 144.960007 6401
INTC 27.440001 3355
AMD. 66.000000 4685
TSLA 207.779999 21543
META 135.809998 2021
NVDA 144.020004 3549
IBM. 140.470001 734
NFLX 372.410004 690
INTC 27.930000 3178
IBM. 137.529999 1754
TSLA 202.229996 20475
TSLA 194.419998 17247
AMD. 65.000000 4747
GOOG 95.949997 5370
GOOG 99.129997 3179
TSLA 191.940002 21645
INTC 28.840000 3749
GOOG 99.550003 2739
INTC 29.240000 2300
AMZN 102.930000 8194
NFLX 359.160004 729
META 132.490005 2862
GOOG 97.199997 3100
NFLX 349.500000 713
CSCO 47.490002 1487
IBM. 134.440002 814
CSCO 47.980000 1463
INTC 29.680000 3037
IBM. 134.320007 537
CSCO 48.150002 1295
NVDA 143.339996 3104
AMD. 64.150002 4615
AMD. 63.150002 7016
NFLX 357.549988 462
CSCO 48.099998 1341
AAPL 142.699997 6587
META 135.889999 2868
AMZN 101.169998 11950
NVDA 148.509995 4012
IBM. 135.500000 720
NVDA 145.669998 4313
AMZN 102.040001 7587
GOOG 98.279999 2454
AMZN 101.320000 6462
GOOG 99.050003 2902
TSLA 211.759995 18100
NFLX 356.630005 396
AMZN 97.559998 5274
AMD. 66.220001 6974
AMD. 66.669998 4114
IBM. 134.490005 542
META 139.289993 2747
NVDA 144.910004 3891
AMZN 97.849998 5284
AMZN 98.410004 5620
GOOG 98.745003 2436
AMD. 68.389999 4447
IBM. 135.960007 610
AAPL 143.970001 7766
AMZN 99.089996 4795
AMZN 99.209999 5633
GOOG 97.860001 2230
INTC 29.980000 2896
NFLX 355.000000 521
IBM. 136.350006 375
NVDA 144.740005 4050
IBM. 135.830002 484
TSLA 210.779999 22958
AMZN 97.800003 6002
CSCO 48.139999 1926
GOOG 99.739998 2639
META 141.690002 2197
CSCO 48.119999 1682
AMD. 70.070000 7006
AMZN 95.339996 5658
AMZN 95.099998 5953
NVDA 152.839996 5042
AAPL 148.899994 11833
AMZN 96.120003 4846
CSCO 48.389999 1963
META 141.220001 2662
AMZN 93.529999 5705
GOOG 106.790001 4662
NVDA 155.070007 3841
AMD. 69.839996 4575
META 144.399994 2548
GOOG 103.510002 3682
AMD. 70.870003 4262
CSCO 48.529999 1788
AAPL 148.029999 15435
TSLA 199.990005 21373
AMZN 94.279999 4747
TSLA 204.990005 18001
NFLX 347.910004 529
TSLA 197.929993 19182
AMZN 93.139999 4395
NVDA 158.399994 3532
GOOG 102.684998 2557
NFLX 342.850006 571
AAPL 152.570007 6985
AMD. 71.870003 3953
NVDA 161.000000 5514
NVDA 162.779999 4472
INTC 29.969999 3136
GOOG 103.629997 3373
TSLA 203.910004 14636
CSCO 49.299999 1798
NVDA 168.990005 5111
CSCO 48.070000 1399
AMZN 93.870003 5229
TSLA 196.330002 14222
GOOG 102.690002 7354
AAPL 150.639999 8332
NFLX 337.500000 454
GOOG 100.540001 9779
AMD. 68.970001 4718
INTC 30.180000 3475
NVDA 176.669998 4396
META 148.240005 3577
CSCO 47.240002 1667
NVDA 170.360001 4529
AMD. 68.010002 4775
NVDA 170.110001 5649
GOOG 95.739998 4932
NFLX 331.230011 1323
TSLA 202.029999 16102
CSCO 47.380001 1890
GOOG 95.010002 4311
CSCO 47.230000 1859
NFLX 319.299988 683
GOOG 94.660004 4251
AMZN 91.410004 5550
AMZN 92.739998 5575
CSCO 46.700001 1739
CSCO 47.450001 1942
IBM. 135.669998 373
NVDA 180.639999 6551
AMD. 72.220001 8429
AMD. 73.750000 6082
NFLX 323.869995 614
IBM. 135.710007 459
AMD. 72.900002 4993
TSLA 210.589996 15314
AAPL 153.880005 6412
GOOG 94.739998 3696
IBM. 134.990005 391
GOOG 95.540001 3564
NVDA 188.270004 4962
NVDA 189.130005 4495
CSCO 47.779999 1913
AMD. 76.500000 4958
AAPL 153.779999 5600
NFLX 323.700012 367
NFLX 321.549988 491
NFLX 310.959991 491
TSLA 206.210007 15685
CSCO 47.500000 2707
AMZN 95.190002 5211
AMZN 94.059998 4910
IBM. 133.779999 504
IBM. 136.000000 440
TSLA 186.740005 18150
NVDA 197.009995 4895
AMD. 73.699997 5811
NFLX 315.450012 595
META 149.410004 2804
CSCO 49.990002 4812
CSCO 51.330002 2532
INTC 29.799999 4419
AMD. 74.230003 4810
IBM. 137.050003 320
TSLA 194.800003 15419
CSCO 50.709999 2510
TSLA 198.539993 12810
AMD. 72.260002 7166
AMD. 78.470001 15254
INTC 28.610001 3688
NFLX 317.000000 566
NFLX 312.679993 455
INTC 28.420000 3515
AAPL 149.460007 5745
GOOG 95.070000 3109
NFLX 309.290009 347
AMZN 93.599998 4489
AMD. 84.290001 9776
IBM. 135.199997 250
NFLX 312.079987 744
AMZN 93.680000 5621
META 147.949997 2984
IBM. 135.570007 296
NVDA 194.619995 5421
TSLA 191.380005 14812
CSCO 49.849998 2030
META 148.029999 5566
TSLA 185.039993 15189
TSLA 180.250000 17002
AAPL 150.949997 6219
AAPL 152.119995 6170
IBM. 134.500000 346
INTC 29.330000 3879
META 183.380005 15047
META 183.470001 7680
NFLX 297.899994 575
IBM. 134.000000 425
AMD. 86.660004 6655
NFLX 287.339996 629
IBM. 131.899994 320
GOOG 93.239998 2836
GOOG 91.933998 2989
TSLA 175.130005 19148
AMZN 92.669998 6982
TSLA 167.460007 16779
TSLA 177.309998 14371
TSLA 180.800003 14599
CSCO 49.540001 1406
META 186.529999 4248
NVDA 199.500000 4886
IBM. 131.500000 372
TSLA 180.369995 12113
INTC 29.940001 2485
AMD. 84.629997 5300
AMZN 89.970001 7239
TSLA 184.520004 13319
META 185.580002 4708
NFLX 295.970001 595
TSLA 178.080002 12968
AAPL 153.110001 6557
TSLA 188.279999 15339
META 190.000000 3613
NFLX 292.510010 921
META 186.130005 3711
NFLX 304.750000 790
AAPL 153.509995 6816
AMZN 93.830002 6091
TSLA 199.300003 15037
GOOG 92.129997 3242
META 176.350006 3343
CSCO 48.810001 1725
META 178.220001 3146
AMD. 84.320000 6529
CSCO 48.950001 1477
TSLA 195.259995 14419
INTC 29.520000 2826
AMD. 85.879997 5414
GOOG 89.629997 3129
CSCO 48.810001 1662
META 177.160004 2403
GOOG 90.089996 2272
NFLX 310.059998 691
GOOG 89.540001 3054
NVDA 191.699997 4980
AMZN 93.220001 7073
AMZN 95.750000 8444
INTC 30.059999 5608
AMD. 85.879997 4652
GOOG 90.160004 2632
META 176.419998 2530
IBM. 129.619995 301
IBM. 131.419998 276
META 172.750000 2582
GOOG 89.860001 2332
NVDA 196.910004 6604
AMD. 82.290001 4933
AMD. 81.570000 4540
META 170.220001 2417
AMD. 82.699997 5597
AAPL 152.350006 5914
GOOG 92.739998 3024
INTC 27.070000 14854
INTC 27.719999 5514
AAPL 150.199997 5886
NVDA 210.000000 5642
NFLX 299.790009 511
META 174.309998 3459
META 171.070007 2243
META 172.000000 2001
IBM. 130.550003 514
TSLA 191.649994 11631
META 168.639999 1979
AAPL 148.869995 5101
INTC 27.780001 5262
GOOG 94.360001 2828
NVDA 210.000000 4293
AMZN 99.790001 8730
NFLX 306.320007 488
NVDA 208.059998 4521
NVDA 213.820007 6641
NFLX 306.309998 580
IBM. 128.899994 376
IBM. 128.389999 334
INTC 27.889999 6333
INTC 29.250000 6223
TSLA 194.419998 12085
TSLA 192.000000 9865
NVDA 223.869995 5596
NFLX 304.679993 1565
AMD. 85.099998 4643
INTC 29.620001 5760
IBM. 129.350006 286
AAPL 150.089996 4839
NVDA 226.059998 5238
INTC 29.549999 4872
INTC 28.650000 5078
META 171.880005 1927
NFLX 320.630005 1299
IBM. 129.639999 313
NVDA 216.899994 5507
AAPL 147.110001 5546
GOOG 95.419998 2410
GOOG 94.404999 2539
TSLA 193.130005 12366
GOOG 94.489998 2443
META 171.899994 4605
META 174.589996 3099
AMZN 98.410004 6238
NVDA 215.380005 4749
INTC 28.950001 3647
INTC 28.680000 4390
NVDA 215.779999 6754
TSLA 195.580002 11025
INTC 27.629999 3123
TSLA 197.529999 17022
INTC 27.870001 3234
CSCO 48.439999 1344
INTC 28.379999 2792
INTC 28.360001 2335
GOOG 92.500000 3285
AMD. 82.980003 5775
TSLA 199.910004 16954
NVDA 225.490005 4205
TSLA 197.320007 12646
META 172.380005 1735
META 178.919998 4587
NVDA 221.330002 4120
CSCO 48.320000 1828
META 188.000000 3320
CSCO 48.990002 1596
AMD. 79.599998 4782
META 189.000000 3670
AMD. 77.150002 4404
AAPL 147.710007 4499
NFLX 327.549988 862
NVDA 216.309998 4658
INTC 28.500000 2897
NVDA 210.000000 4100
CSCO 49.459999 1387
INTC 28.000000 3208
AAPL 147.050003 5054
IBM. 130.279999 353
META 182.869995 1943
AAPL 146.830002 5547
NFLX 326.059998 648
AMZN 98.139999 5859
IBM. 128.479996 277
IBM. 128.300003 547
NVDA 207.070007 5131
IBM. 126.120003 599
AMD. 76.930000 5028
AMD. 80.629997 7639
TSLA 190.520004 13388
GOOG 90.565002 3150
IBM. 125.150002 818
AAPL 144.380005 5223
TSLA 183.080002 12385
IBM. 126.489998 811
GOOG 93.070000 3230
INTC 27.110001 6366
NVDA 234.399994 11179
AAPL 148.039993 7073
GOOG 93.540001 3836
META 186.350006 2658
GOOG 96.570000 5449
TSLA 179.940002 14215
NVDA 232.250000 5897
CSCO 49.570000 1750
CSCO 49.020000 1205
CSCO 49.299999 1249
AAPL 153.789993 8755
TSLA 186.690002 11577
INTC 25.910000 8919
GOOG 100.839996 7614
CSCO 48.889999 1633
GOOG 101.059998 2603
META 181.009995 2566
AAPL 153.699997 5618
AAPL 152.809998 4720
IBM. 122.989998 598
AAPL 153.559998 5383
IBM. 122.959999 643
AMD. 77.750000 4670
TSLA 190.740005 15025
INTC 25.780001 5647
IBM. 124.080002 3740
AAPL 150.210007 6857
AAPL 147.809998 8445
NFLX 326.290009 628
TSLA 182.960007 11293
TSLA 183.949997 9643
NFLX 340.269989 713
AAPL 151.279999 7369
IBM. 124.309998 458
NFLX 340.049988 561
META 177.960007 2472
IBM. 126.900002 385
AMD. 79.639999 4561
AMZN 100.449997 5747
IBM. 127.000000 354
META 187.580002 4164
NFLX 341.829987 441
AMZN 100.430000 5755
IBM. 123.809998 465
AMZN 98.070000 5609
AMD. 77.870003 4422
TSLA 186.320007 11666
AAPL 151.190002 7716
AAPL 152.160004 7616
GOOG 101.980003 3312
NVDA 236.699997 4529
GOOG 105.139999 3233
CSCO 48.529999 2028
TSLA 187.149994 9206
TSLA 179.100006 12573
NVDA 233.720001 4559
AMZN 99.070000 4672
INTC 25.219999 4408
NFLX 348.489990 329
INTC 25.549999 3765
IBM. 123.360001 381
GOOG 105.889999 3138
AMZN 98.110001 3872
NVDA 231.919998 4600
CSCO 48.680000 1767
NFLX 345.299988 420
AMD. 78.550003 4426
GOOG 105.739998 2523
CSCO 48.369999 1735
META 192.949997 4212
META 198.259995 5044
META 200.559998 5014
NFLX 339.339996 466
AMD. 77.570000 6010
INTC 24.940001 5025
AMZN 98.690002 4978
GOOG 105.320000 2539
AAPL 156.080002 9894
CSCO 48.680000 2142
AAPL 155.070007 7364
AAPL 157.320007 7393
AAPL 159.300003 7570
CSCO 50.259998 4764
TSLA 166.169998 21097
AMZN 101.550003 5363
CSCO 50.220001 2269
INTC 25.030001 4782
NVDA 224.880005 3894
AAPL 158.830002 6762
IBM. 126.470001 652
INTC 25.209999 4830
AAPL 158.860001 5919
GOOG 103.000000 2491
AMZN 102.160004 5675
CSCO 51.209999 2333
TSLA 164.800003 12353
GOOG 102.720001 2614
AMD. 80.400002 5453
AAPL 159.940002 5239
AMZN 102.300003 4113
META 198.479996 2518
NFLX 335.269989 265
META 203.199997 3182
CSCO 50.740002 2139
IBM. 129.179993 288
IBM. 130.119995 327
GOOG 101.440002 2500
AAPL 157.970001 4599
AAPL 159.369995 5130
INTC 26.200001 3674
AMD. 82.029999 5454
INTC 26.469999 3787
GOOG 101.709999 2810
GOOG 102.669998 2071
META 202.500000 2847
AAPL 161.529999 4950
GOOG 104.839996 2037
AAPL 162.440002 6874
CSCO 49.560001 1777
CSCO 49.900002 1943
IBM. 130.160004 356
CSCO 50.700001 1585
NVDA 233.199997 4123
AAPL 164.270004 5697
IBM. 129.470001 452
IBM. 130.970001 384
IBM. 131.990005 338
AAPL 166.600006 4627
AMZN 102.750000 4866
AAPL 164.740005 5151
AAPL 162.429993 4539
TSLA 164.649994 14000
AMD. 81.070000 7095
META 202.839996 2738
NVDA 238.910004 4374
TSLA 159.820007 12199
NVDA 236.000000 5151
AAPL 161.419998 4771
TSLA 160.289993 15336
INTC 25.840000 4316
META 205.179993 2771
AMD. 82.790001 6952
META 204.809998 1852
AMZN 103.910004 4517
META 200.149994 1912
IBM. 131.369995 289
AMD. 85.290001 7949
NVDA 234.869995 5135
CSCO 50.320000 1112
IBM. 132.160004 305
NFLX 343.450012 404
NFLX 340.809998 396
AMZN 100.750000 4380
INTC 25.559999 3607
CSCO 50.730000 1846
AMZN 100.959999 3726
META 203.559998 1885
AAPL 162.350006 4764
AMZN 100.800003 6041
CSCO 51.580002 1175
NVDA 241.750000 5012
TSLA 152.639999 12701
AMD. 84.470001 7027
AMD. 81.389999 6526
META 203.380005 2260
NVDA 234.089996 4748
TSLA 160.899994 12251
AAPL 161.220001 5013
AMZN 100.400002 5673
NFLX 339.989990 740
AAPL 161.630005 6844
AAPL 164.589996 4938
AMD. 83.669998 6661
IBM. 129.830002 261
AMD. 86.769997 8617
IBM. 130.580002 313
NFLX 342.940002 535
GOOG 106.120003 2186
INTC 25.980000 5488
NVDA 227.520004 4218
AMD. 89.720001 11583
TSLA 163.169998 10901
TSLA 161.880005 12825
NFLX 338.000000 613
NFLX 335.000000 1794
AAPL 165.089996 4151
TSLA 160.009995 11972
NFLX 324.209991 2212
IBM. 130.399994 395
AAPL 166.100006 4992
AMD. 96.660004 9408
GOOG 105.769997 3468
AMD. 96.300003 9200
CSCO 51.439999 2058
META 207.240005 2544
CSCO 52.060001 1688
AMD. 97.000000 8528
AMD. 95.650002 11081
CSCO 52.029999 1359
NFLX 320.390015 994
AMZN 98.949997 6792
IBM. 128.009995 562
AMD. 100.050003 8408
AMD. 99.180000 6471
GOOG 107.389999 1974
AAPL 165.800003 4772
META 208.839996 1792
AMZN 102.070000 5145
AMD. 98.019997 5746
META 213.389999 2102
INTC 26.549999 6518
NVDA 234.960007 4749
CSCO 52.070000 1379
META 214.149994 1939
META 209.250000 2610
TSLA 162.710007 9510
AAPL 166.089996 5245
INTC 26.740000 5097
META 214.710007 1610
GOOG 106.919998 1872
META 215.479996 1671
IBM. 128.460007 418
NVDA 237.610001 5244
NFLX 323.000000 634
META 214.839996 1897
TSLA 163.970001 10744
AAPL 165.050003 5833
CSCO 50.919998 1474
IBM. 128.300003 366
NFLX 330.200012 558
GOOG 107.389999 2276
IBM. 128.139999 319
CSCO 51.110001 1017
CSCO 51.119999 1595
INTC 27.350000 4768
TSLA 173.720001 11224
IBM. 126.500000 701
NVDA 240.270004 5832
TSLA 168.949997 8896
AMD. 96.769997 5915
GOOG 106.470001 2165
META 215.729996 2331
INTC 27.730000 4932
TSLA 172.550003 11984
CSCO 50.820000 1610
CSCO 50.209999 1545
GOOG 107.690002 2075
INTC 28.389999 7577
TSLA 168.699997 10388
GOOG 105.430000 2904
CSCO 50.520000 1236
TSLA 176.070007 15757
NFLX 328.500000 542
NFLX 321.359985 462
AAPL 165.000000 4194
META 217.880005 2159
META 219.789993 1548
AMD. 96.070000 5532
META 219.910004 1228
INTC 29.920000 8062
AAPL 165.190002 4871
CSCO 50.560001 1204
AAPL 163.059998 4549
NVDA 259.820007 8485
META 213.470001 1589
AAPL 165.190002 6490
TSLA 167.660004 10559
TSLA 165.649994 9828
META 213.479996 1647
NVDA 256.149994 4327
TSLA 168.410004 12547
AAPL 168.490005 5520
TSLA 174.220001 10952
CSCO 50.380001 1520
NVDA 261.799988 5474
INTC 29.799999 3878
CSCO 49.230000 3046
CSCO 47.610001 3976
CSCO 46.570000 2086
NFLX 324.299988 561
AAPL 169.279999 5247
AMZN 103.160004 3991
GOOG 107.000000 1764
TSLA 177.169998 13602
NVDA 264.250000 7972
AMD. 98.000000 5967
CSCO 47.049999 1735
INTC 29.000000 5565
AAPL 170.089996 4842
GOOG 104.214996 1673
AMD. 96.339996 5586
GOOG 104.650002 2251
CSCO 47.369999 2028
AMD. 96.699997 5065
NFLX 325.239990 422
NVDA 271.149994 5648
TSLA 180.699997 13200
TSLA 186.199997 15695
AAPL 169.500000 6513
IBM. 130.149994 974
INTC 28.480000 3741
AMD. 97.040001 4319
NFLX 329.440002 534
TSLA 182.229996 13760
GOOG 106.089996 2237
AMZN 103.949997 3979
NVDA 270.309998 4549
INTC 28.379999 4378
INTC 29.040001 5591
CSCO 46.759998 2239
INTC 29.370001 3475
AAPL 164.889999 8123
AAPL 170.979996 11331
INTC 29.080000 3740
INTC 29.770000 8555
NVDA 268.369995 3610
IBM. 126.000000 672
IBM. 125.550003 404
INTC 31.850000 7007
META 210.210007 1771
AMZN 101.580002 5839
META 213.679993 1575
CSCO 46.779999 2284
GOOG 106.050003 2141
AMZN 103.529999 5769
NFLX 325.000000 431
NFLX 317.549988 506
IBM. 124.900002 427
TSLA 186.539993 9687
INTC 31.799999 5976
IBM. 125.809998 407
IBM. 126.370003 320
NFLX 319.010010 387
META 210.820007 1919
META 212.500000 4199
CSCO 46.689999 1966
GOOG 106.610001 3140
IBM. 126.580002 506
AAPL 172.479996 5596
AMD. 94.349998 5297
AMZN 106.099998 8677
CSCO 47.200001 1312
GOOG 105.559998 3706
CSCO 46.910000 2017
TSLA 184.619995 16206
GOOG 105.230003 3823
NVDA 264.470001 3561
NFLX 323.609985 398
AMD. 91.470001 4777
GOOG 107.800003 2395
NFLX 322.989990 548
NVDA 268.250000 3936
INTC 32.939999 5703
NVDA 272.290009 3645
META 239.889999 7119
AAPL 173.050003 4532
INTC 32.849998 5571
IBM. 126.349998 272
AMD. 91.320000 5253
AMD. 96.059998 5193
META 239.009995 3955
CSCO 46.419998 2076
INTC 32.799999 3961
NVDA 271.399994 4339
NVDA 275.089996 3987
INTC 32.599998 2855
AMD. 94.970001 5338
AMD. 92.790001 4057
META 238.619995 2914
META 243.179993 2435
NFLX 330.670013 554
NVDA 279.660004 3685
META 239.470001 3446
AMZN 107.660004 6957
NFLX 335.209991 428
GOOG 107.720001 2092
IBM. 126.300003 444
GOOG 107.660004 2034
NFLX 334.980011 803
AMD. 91.820000 3873
AAPL 173.020004 5372
INTC 32.599998 3053
GOOG 106.220001 1711
INTC 32.660000 2705
NFLX 344.760010 607
CSCO 45.770000 1774
NFLX 340.619995 365
META 236.059998 1788
IBM. 125.459999 455
AMD. 90.230003 4725
CSCO 46.119999 1431
NFLX 334.000000 333
IBM. 123.029999 446
IBM. 123.110001 497
AAPL 173.850006 4951
IBM. 123.760002 366
AMD. 91.610001 4624
AMZN 104.910004 6502
AMD. 88.510002 3734
INTC 32.770000 3707
TSLA 200.100006 12881
TSLA 199.779999 15071
AAPL 173.619995 4549
INTC 31.820000 2972
CSCO 46.439999 1200
GOOG 106.160004 1978
META 232.240005 2697
AMD. 88.830002 4708
AAPL 173.160004 3726
NFLX 331.760010 395
TSLA 202.589996 14802
AMD. 89.800003 4111
TSLA 210.149994 16412
TSLA 217.800003 15114
NVDA 268.290009 5150
AMD. 88.110001 4042
IBM. 121.900002 454
INTC 32.000000 2462
NFLX 347.250000 2092
NVDA 265.839996 3976
AAPL 171.990005 4211
CSCO 45.980000 1522
AMZN 105.040001 7380
NVDA 268.230011 3952
AAPL 171.710007 5795
AMZN 108.160004 14996
NFLX 369.859985 785
GOOG 105.320000 2070
AAPL 173.000000 6549
AAPL 176.389999 5577
META 231.419998 1640
AMD. 86.900002 5277
AAPL 173.979996 4357
NFLX 365.359985 540
TSLA 216.139999 14691
NVDA 277.239990 3143
NFLX 360.239990 686
INTC 31.950001 2960
NFLX 356.929993 797
INTC 32.430000 2604
CSCO 46.700001 1562
AMZN 107.730003 13056
NFLX 359.609985 626
INTC 31.100000 2574
AMZN 104.949997 7472
IBM. 121.989998 418
AMZN 101.470001 7346
META 231.460007 1686
NFLX 361.100006 936
GOOG 105.794998 1726
GOOG 108.779999 2478
AMD. 86.510002 4778
CSCO 46.830002 1252
GOOG 108.550003 4753
TSLA 228.000000 18571
IBM. 122.019997 344
INTC 30.760000 3025
GOOG 115.860001 5711
IBM. 121.410004 456
NVDA 273.700012 4462
TSLA 224.220001 16448
META 236.169998 1911
META 233.050003 2044
TSLA 249.070007 19988
NVDA 267.339996 3536
AAPL 173.130005 5074
GOOG 117.000000 3127
NVDA 265.040009 3956
AMD. 86.410004 5308
GOOG 116.489998 2210
NVDA 265.649994 3214
NVDA 275.329987 6048
CSCO 46.279999 1409
AMZN 103.739998 6505
INTC 30.840000 2865
AMZN 104.040001 4534
GOOG 116.830002 3237
NVDA 273.609985 3586
NVDA 276.709991 4277
GOOG 120.180000 2665
CSCO 46.799999 1320
AMD. 87.019997 5065
META 236.740005 1615
CSCO 47.240002 1649
AMD. 91.029999 5935
AMZN 104.269997 5691
NFLX 397.480011 1086
NFLX 391.890015 698
GOOG 121.559998 2701
AAPL 171.089996 4514
NFLX 397.410004 716
IBM. 123.000000 291
NFLX 402.890015 589
NVDA 269.519989 3451
IBM. 123.349998 274
AMZN 105.040001 4943
CSCO 47.150002 2932
INTC 30.129999 3873
IBM. 123.940002 451
AAPL 172.410004 5605
AMZN 105.480003 4408
NVDA 270.130005 3392
TSLA 247.940002 15033
META 236.919998 2065
GOOG 124.199997 3025
AAPL 173.320007 5483
AMD. 89.320000 7048
NVDA 270.779999 3785
AMD. 83.540001 10948
AMD. 81.570000 12284
GOOG 123.510002 2976
NVDA 270.019989 4063
TSLA 253.509995 16238
INTC 29.440001 3828
CSCO 45.759998 4147
INTC 29.200001 4121
GOOG 124.930000 2447
NFLX 400.470001 724
TSLA 260.170013 17057
GOOG 121.879997 2308
TSLA 248.399994 16017
INTC 28.750000 6018
TSLA 258.920013 16756
AMZN 108.099998 7862
GOOG 125.209999 3381
META 235.789993 1816
NVDA 273.630005 3771
NFLX 405.000000 499
NVDA 272.250000 2916
AAPL 176.960007 5596
GOOG 124.065002 2515
META 238.449997 2119
GOOG 126.290001 2723
AMD. 84.989998 7840
NVDA 278.399994 5703
NVDA 286.799988 4027
GOOG 123.699997 4154
AAPL 177.330002 9962
AMZN 111.029999 7492
TSLA 261.500000 16561
TSLA 275.130005 21179
INTC 31.980000 8022
AMZN 112.160004 4981
META 241.300003 2294
IBM. 125.300003 379
NFLX 410.429993 1193
NVDA 278.399994 3833
AMZN 111.150002 5301
INTC 31.110001 3691
META 247.470001 2159
IBM. 126.790001 430
IBM. 127.500000 280
CSCO 48.430000 2856
AAPL 177.699997 6890
CSCO 49.110001 1866
CSCO 48.610001 1764
GOOG 123.500000 2501
NFLX 399.769989 599
GOOG 124.489998 1936
AMD. 89.989998 9550
AMZN 111.050003 7147
META 245.410004 2773
AAPL 181.029999 6194
IBM. 127.239998 459
NFLX 424.500000 1236
CSCO 48.950001 1545
AAPL 182.630005 12194
NFLX 418.829987 595
IBM. 127.820000 391
CSCO 47.770000 2171
AAPL 179.970001 6484
META 246.809998 1774
CSCO 49.110001 1982
AAPL 178.440002 6194
NVDA 276.510010 3218
GOOG 124.610001 2267
GOOG 126.599998 1945
TSLA 250.770004 16687
TSLA 259.290009 17658
INTC 30.299999 3346
AAPL 177.899994 5021
AMZN 114.889999 6565
GOOG 127.574997 3417
NVDA 278.260010 3610
GOOG 122.584999 2481
GOOG 122.559998 2030
AMD. 94.889999 6867
GOOG 123.394997 2225
TSLA 250.070007 17999
GOOG 125.650002 1928
CSCO 49.990002 1907
AAPL 181.500000 4887
INTC 30.639999 4555
INTC 30.440001 4610
META 245.279999 1772
INTC 31.379999 3501
CSCO 49.910000 5199
IBM. 125.610001 410
IBM. 127.059998 561
INTC 30.700001 3088
AAPL 181.270004 5427
GOOG 123.800003 2465
AMZN 116.690002 7317
META 253.399994 2237
CSCO 49.759998 1781
NVDA 285.220001 3449
IBM. 129.559998 374
NFLX 430.010010 782
TSLA 243.240005 16496
AMZN 118.160004 5499
AMZN 116.769997 7074
NFLX 434.989990 841
INTC 30.379999 3070
GOOG 123.879997 2451
GOOG 126.699997 5668
META 252.929993 2572
IBM. 128.509995 1159
INTC 30.290001 4052
GOOG 123.535004 2269
META 265.250000 2381
META 260.000000 2547
AAPL 182.800003 5492
META 265.899994 2560
NVDA 288.989990 3148
GOOG 123.235001 2261
CSCO 49.869999 1915
META 272.660004 1940
INTC 29.600000 4714
NVDA 290.049988 3693
CSCO 50.220001 1396
CSCO 49.790001 1602
INTC 29.030001 2414
META 270.299988 2074
CSCO 49.700001 1595
META 270.140015 1941
NVDA 288.959991 3221
META 271.670013 2616
GOOG 120.660004 2078
META 260.619995 2089
TSLA 249.699997 15977
META 262.480011 1693
NFLX 444.100006 709
AMD. 96.419998 9561
NVDA 285.290009 2740
GOOG 122.040001 2954
AMD. 98.160004 5706
TSLA 258.029999 13128
NVDA 285.079987 2939
AMZN 114.269997 6757
AMD. 96.830002 5379
TSLA 260.600006 11226
INTC 28.900000 2871
NFLX 446.149994 874
CSCO 49.919998 1328
AMD. 95.199997 5174
META 267.170013 1544
META 274.880005 1616
INTC 29.620001 2281
INTC 29.520000 4166
AMZN 115.349998 6348
GOOG 121.466003 2318
IBM. 128.440002 413
NFLX 430.179993 475
NFLX 432.649994 514
NFLX 422.929993 486
TSLA 276.489990 11968
IBM. 130.380005 537
INTC 29.000000 3652
META 271.890015 1917
NVDA 288.410004 4494
GOOG 117.839996 2722
AAPL 183.369995 5746
CSCO 49.529999 1217
AMD. 97.389999 9062
GOOG 117.959999 1975
NFLX 418.589996 829
IBM. 133.119995 399
TSLA 278.820007 13153
AMD. 101.790001 7524
NFLX 422.440002 464
NFLX 417.390015 481
TSLA 278.089996 12033
NVDA 295.839996 4325
INTC 29.600000 4066
AMZN 116.629997 6649
AMD. 103.980003 7433
TSLA 278.429993 11360
AMD. 106.360001 6783
META 272.299988 2597
TSLA 276.470001 11942
AMZN 116.040001 9677
AAPL 183.960007 6543
META 284.750000 4310
META 278.730011 2070
GOOG 120.089996 1851
META 283.529999 2055
NFLX 423.100006 881
AMD. 104.680000 6542
AMD. 107.250000 7309
TSLA 268.649994 9197
AMD. 105.980003 6591
GOOG 121.099998 2386
AMZN 122.370003 6431
META 279.079987 1756
INTC 29.850000 2869
CSCO 49.919998 1549
GOOG 120.320000 1388
INTC 30.049999 2940
NFLX 434.329987 493
GOOG 120.059998 1783
META 281.510010 5098
META 288.700012 2423
AMZN 121.449997 7280
GOOG 120.639999 1773
INTC 29.309999 2804
AMZN 120.690002 5437
NFLX 431.100006 734
AMD. 117.309998 10851
CSCO 50.689999 2403
TSLA 276.329987 9567
META 282.010010 2610
META 284.820007 1672
INTC 28.290001 7800
AMD. 122.459999 9292
TSLA 274.589996 11268
NFLX 439.760010 373
CSCO 50.799999 1663
TSLA 277.010010 11977
AMD. 130.419998 9890
CSCO 50.910000 2249
AMZN 124.919998 6121
AAPL 186.729996 10123
CSCO 52.200001 3713
AAPL 184.410004 4979
NFLX 444.910004 686
INTC 27.440001 7191
AMD. 122.419998 8755
IBM. 132.429993 329
IBM. 132.500000 577
INTC 29.700001 5487
TSLA 286.630005 13156
AMD. 117.290001 6603
AMD. 120.750000 5233
META 284.500000 1539
GOOG 120.889999 2098
CSCO 51.939999 2013
INTC 29.700001 13624
AAPL 184.899994 4951
INTC 31.799999 5266
IBM. 134.690002 412
INTC 31.400000 3649
CSCO 51.380001 1693
AMZN 123.360001 4795
NFLX 440.000000 493
AAPL 183.740005 5124
NVDA 304.100006 7487
META 284.760010 1967
AMZN 125.070000 4569
AAPL 185.550003 5307
NFLX 438.600006 416
AMZN 127.010002 9566
CSCO 50.650002 1499
INTC 31.309999 4824
AAPL 186.830002 4808
AAPL 185.889999 5073
GOOG 119.070000 3296
INTC 29.770000 4229
INTC 31.030001 3909
AMZN 123.010002 6215
AMZN 124.080002 5133
INTC 31.430000 3519
NVDA 315.359985 4731
AMZN 124.019997 5133
AAPL 187.929993 5121
GOOG 116.760002 1828
AMD. 116.589996 5260
AMZN 128.119995 5056
GOOG 119.300003 2205
IBM. 134.360001 398
AMD. 117.910004 7525
AMD. 124.029999 8175
TSLA 290.149994 11243
CSCO 50.639999 1654
NFLX 438.519989 425
NFLX 438.649994 457
CSCO 50.310001 1303
TSLA 296.040009 14235
IBM. 136.000000 449
INTC 31.930000 4021
CSCO 50.310001 1298
INTC 31.400000 5988
AMD. 118.300003 6524
INTC 33.770000 5199
INTC 33.869999 7440
INTC 35.279999 6767
META 286.700012 862
NFLX 444.549988 573
NVDA 309.010010 3720
NFLX 447.000000 615
INTC 36.360001 11018
NFLX 452.790009 718
AAPL 189.080002 4634
NVDA 310.000000 3562
NVDA 302.100006 7214
IBM. 136.509995 392
CSCO 50.779999 1138
INTC 36.770000 6597
IBM. 137.800003 451
IBM. 137.270004 381
AMZN 126.699997 5242
INTC 34.919998 7097
NFLX 445.570007 689
NFLX 451.000000 1319
IBM. 139.229996 747
AAPL 191.630005 8506
NFLX 476.859985 2099
IBM. 136.360001 427
AMZN 125.209999 6045
META 287.649994 3386
NFLX 447.000000 2398
INTC 32.689999 4574
META 295.890015 4760
NVDA 385.230011 15439
NVDA 378.899994 7143
AAPL 193.779999 3145
META 292.179993 2554
GOOG 121.540001 3153
GOOG 125.129997 2048
NVDA 405.950012 9234
GOOG 126.059998 2067
CSCO 50.860001 1424
INTC 32.209999 4619
CSCO 51.880001 1818
META 295.549988 3705
NFLX 437.369995 1730
AMZN 127.709999 8418
AMZN 124.970001 5693
META 293.899994 2758
META 301.750000 3667
GOOG 124.904999 2107
GOOG 124.790001 2231
META 313.619995 3028
CSCO 51.360001 733
TSLA 279.559998 17515
TSLA 268.000000 16105
TSLA 255.850006 13650
AMZN 125.639999 5213
TSLA 272.380005 11275
NVDA 394.880005 10025
AMZN 125.309998 9035
CSCO 50.970001 1495
CSCO 51.070000 1393
META 311.790009 2257
AAPL 191.570007 4692
META 307.540009 2532
IBM. 135.110001 550
AMD. 123.570000 7505
GOOG 122.120003 2754
AMD. 128.520004 8539
NVDA 384.890015 6358
AAPL 189.839996 4509
NVDA 400.970001 4816
GOOG 120.870003 5649
CSCO 51.000000 1557
NFLX 425.000000 826
INTC 33.189999 3895
IBM. 131.679993 601
INTC 33.220001 3303
GOOG 121.926003 2227
IBM. 130.399994 1132
META 310.880005 2076
AMD. 132.320007 13246
AMD. 126.529999 9588
NVDA 389.089996 3960
AMZN 129.110001 7185
IBM. 129.389999 484
NFLX 427.179993 485
AAPL 191.410004 4677
IBM. 131.300003 321
INTC 33.610001 3390
GOOG 121.879997 3182
NFLX 424.200012 600
AMD. 125.389999 8558
INTC 33.340000 3831
AAPL 189.259995 5992
META 313.029999 2176
NFLX 426.899994 659
GOOG 130.360001 4621
CSCO 51.070000 1904
AAPL 189.160004 4663
AAPL 189.679993 6075
NFLX 415.559998 642
GOOG 131.800003 3593
INTC 33.360001 3379
GOOG 130.970001 2697
AMD. 125.820000 8184
NFLX 426.510010 658
NVDA 388.299988 3887
NVDA 389.149994 5119
AMD. 119.089996 5885
INTC 33.540001 1575
NVDA 377.239990 4177
TSLA 263.250000 9585
IBM. 132.059998 275
CSCO 51.570000 1500
TSLA 268.309998 10369
AMZN 129.330002 5998
AAPL 190.500000 4134
AAPL 190.229996 4157
TSLA 259.859985 11144
CSCO 51.560001 2633
GOOG 133.009995 1838
NFLX 437.369995 571
NVDA 390.369995 4272
AMD. 118.489998 8283
META 313.500000 2383
IBM. 131.750000 363
NFLX 435.230011 491
NFLX 427.799988 624
NVDA 392.000000 3887
AAPL 191.899994 5052
META 304.570007 4208
AMD. 112.239998 7075
META 295.779999 2491
META 295.190002 1958
CSCO 50.689999 1786
NFLX 433.059998 543
IBM. 134.690002 423
CSCO 50.419998 1956
NFLX 436.459991 478
NFLX 440.359985 376
CSCO 50.200001 1614
CSCO 50.980000 1643
META 301.190002 4725
CSCO 52.209999 2174
AAPL 193.350006 4835
NFLX 439.739990 384
GOOG 130.854996 2215
NVDA 401.859985 6132
CSCO 52.060001 2278
NVDA 408.239990 7404
AMZN 128.630005 4680
IBM. 133.419998 147
META 325.119995 6422
TSLA 267.480011 8458
AAPL 193.100006 8050
NFLX 431.119995 546
INTC 33.310001 3766
TSLA 266.260010 8316
AAPL 195.089996 5958
META 316.880005 3922
NFLX 428.980011 392
TSLA 255.570007 10175
INTC 31.900000 4169
META 323.690002 2579
AMD. 109.309998 7354
AMZN 128.940002 5214
IBM. 133.320007 295
AMZN 128.770004 4076
INTC 32.000000 2834
AMZN 129.470001 5431
NFLX 421.989990 396
NFLX 424.410004 336
INTC 31.870001 3630
AMD. 110.949997 6855
AMD. 108.570000 5938
IBM. 133.240005 350
INTC 32.820000 2814
NFLX 423.730011 396
TSLA 252.039993 9756
NFLX 415.000000 603
AMZN 130.820007 2826
META 317.540009 2281
INTC 33.689999 3776
GOOG 129.839996 2270
IBM. 131.779999 298
TSLA 260.970001 9924
META 318.000000 2046
INTC 34.150002 3274
CSCO 52.750000 5128
TSLA 251.449997 11109
INTC 33.779999 3042
AMZN 130.240005 3589
NFLX 399.329987 430
AAPL 194.100006 7191
INTC 33.160000 3411
CSCO 52.689999 1839
AAPL 193.410004 4537
TSLA 247.449997 9664
GOOG 128.369995 1501
INTC 34.279999 2967
AAPL 193.330002 3728
NVDA 426.019989 5686
AMD. 108.209999 6753
AAPL 193.669998 4747
AMD. 112.070000 5834
NVDA 434.500000 6547
TSLA 250.869995 10159
IBM. 131.759995 236
AMZN 128.250000 4063
AAPL 196.020004 4746
NVDA 429.980011 4511
INTC 34.400002 2648
CSCO 53.189999 1613
IBM. 133.660004 292
TSLA 245.399994 10949
IBM. 135.070007 373
AAPL 194.669998 4829
META 309.929993 1518
META 314.959991 1760
INTC 33.700001 3787
NVDA 435.010010 5516
CSCO 53.540001 1356
AMD. 113.029999 5333
INTC 33.730000 7972
AAPL 196.059998 3882
CSCO 53.599998 1579
META 313.230011 1623
GOOG 129.600006 2050
NVDA 422.529999 4177
AMZN 128.589996 4192
CSCO 52.060001 2749
META 314.399994 1518
INTC 33.840000 2522
NVDA 424.640015 3563
IBM. 133.509995 322
IBM. 133.910004 286
META 312.880005 1995
NFLX 402.230011 386
NFLX 409.000000 360
CSCO 51.840000 1419
AMD. 115.160004 3186
IBM. 133.259995 316
NVDA 424.609985 5943
IBM. 134.710007 385
CSCO 52.570000 1528
AMZN 129.070007 6188
CSCO 52.380001 1769
AMZN 127.750000 4995
IBM. 135.529999 552
NVDA 407.989990 4621
INTC 33.700001 3177
NFLX 418.399994 817
AMD. 116.099998 4950
GOOG 129.509995 1762
CSCO 52.490002 1518
AMD. 112.070000 4234
NFLX 425.410004 568
CSCO 52.880001 1226
CSCO 52.970001 1132
META 307.940002 1435
AAPL 196.240005 3517
NFLX 412.000000 539
CSCO 52.660000 1222
GOOG 130.979996 1683
AMZN 130.309998 5402
NFLX 418.040009 292
INTC 33.720001 3264
AMZN 134.039993 6117
AAPL 195.039993 5038
AMD. 114.160004 3713
META 302.570007 1396
META 300.980011 1564
GOOG 132.190002 1774
AMZN 134.059998 5438
IBM. 137.190002 1089
NFLX 416.000000 448
NVDA 406.600006 5826
GOOG 131.970001 1785
IBM. 138.210007 585
NFLX 430.850006 362
IBM. 139.350006 347
NFLX 431.230011 380
NFLX 437.730011 479
AMD. 113.000000 4933
AMZN 134.559998 4845
CSCO 52.900002 1876
NVDA 415.579987 3805
IBM. 139.419998 377
META 306.140015 1162
NFLX 438.390015 615
META 300.200012 1854
TSLA 241.770004 9886
AMD. 111.660004 5989
TSLA 235.699997 9859
AAPL 191.570007 6123
NFLX 448.609985 386
IBM. 140.440002 404
IBM. 142.300003 633
NFLX 441.149994 292
AMD. 112.889999 5799
AAPL 185.520004 11579
AMD. 115.760002 4920
GOOG 129.201996 1519
META 293.049988 2395
AMZN 132.710007 5496
IBM. 143.440002 668
CSCO 53.410000 1632
IBM. 143.809998 613
AMZN 133.389999 5453
NFLX 443.559998 269
NFLX 443.070007 291
AMZN 134.070007 5982
TSLA 238.729996 8819
AMZN 131.339996 13326
TSLA 228.020004 11248
CSCO 53.349998 1434
META 279.029999 3406
AMZN 130.309998 4559
META 283.450012 2018
GOOG 129.850006 1752
AAPL 182.130005 9757
TSLA 226.059998 12071
CSCO 53.799999 2070
AMD. 116.169998 9184
NVDA 416.799988 5005
META 292.549988 1299
GOOG 131.589996 1476
CSCO 53.619999 2017
INTC 34.820000 5889
AAPL 179.690002 6782
IBM. 144.250000 479
AMZN 129.309998 3923
CSCO 53.189999 2647
CSCO 54.439999 4527
NFLX 442.850006 312
GOOG 129.279999 1754
INTC 36.750000 9086
META 288.500000 1828
CSCO 54.630001 2883
AMD. 115.949997 6859
AMZN 126.510002 5391
NVDA 425.170013 1982
NFLX 435.500000 1184
AMD. 117.550003 5798
NFLX 410.399994 1070
INTC 36.869999 5563
INTC 35.820000 2470
IBM. 142.779999 495
INTC 35.150002 3905
NVDA 421.350006 3236
META 298.500000 1836
IBM. 143.779999 395
AMD. 121.300003 7036
AMD. 114.959999 7634
AMZN 131.000000 5261
IBM. 145.089996 422
IBM. 145.000000 343
NVDA 418.440002 3035
META 286.130005 2370
GOOG 130.449997 2366
NFLX 401.000000 911
AMZN 129.690002 4631
AMD. 110.970001 7677
TSLA 214.119995 13581
AMZN 133.199997 4190
AMD. 110.620003 4558
META 288.000000 1423
AMD. 111.139999 4491
AMZN 133.550003 4209
INTC 34.290001 2481
AMZN 130.149994 5102
INTC 34.480000 2666
NFLX 395.500000 470
TSLA 221.550003 13570
IBM. 145.699997 465
INTC 35.410000 2248
META 288.579987 2084
CSCO 55.200001 1828
AMZN 127.480003 8858
IBM. 144.940002 407
IBM. 143.039993 473
CSCO 55.480000 1566
IBM. 143.119995 252
CSCO 55.610001 1825
NVDA 423.220001 3552
AAPL 180.869995 6037
TSLA 240.250000 13059
AMZN 141.059998 15293
NVDA 426.570007 3539
TSLA 229.339996 10107
IBM. 143.050003 422
NVDA 424.809998 2982
NVDA 430.329987 4812
IBM. 141.500000 365
IBM. 141.699997 328
NFLX 392.839996 407
AMD. 111.910004 5172
META 297.170013 1771
AAPL 179.479996 5468
INTC 34.669998 3475
META 295.799988 1722
TSLA 238.660004 9977
NFLX 397.049988 386
GOOG 129.059998 2361
TSLA 231.309998 10661
NFLX 386.500000 554
TSLA 242.580002 10767
AMZN 140.990005 7121
TSLA 238.580002 13404
AAPL 177.320007 5198
GOOG 127.849998 2185
GOOG 129.130005 1556
NVDA 445.179993 4782
GOOG 130.850006 2649
AMZN 140.619995 5171
IBM. 141.009995 374
GOOG 134.727005 1868
INTC 35.000000 2872
AAPL 177.970001 4367
INTC 34.700001 3095
TSLA 254.199997 12198
CSCO 56.320000 1758
CSCO 55.250000 1573
INTC 34.459999 2875
NFLX 385.000000 369
AMD. 111.790001 7067
NVDA 465.829987 7706
AMZN 139.970001 5001
NVDA 462.890015 5104
AMZN 139.070007 5892
GOOG 130.139999 2067
NVDA 467.010010 5701
NFLX 382.899994 375
AMD. 113.379997 5552
GOOG 132.080002 1671
AMZN 137.399994 4283
NFLX 382.880005 408
AMD. 114.160004 5418
AMZN 138.300003 4714
NFLX 382.399994 384
AMD. 114.260002 9527
AMZN 140.050003 4278
NFLX 375.600006 436
AMZN 137.190002 4167
IBM. 140.000000 391
META 299.369995 1281
INTC 34.669998 3689
AMD. 119.489998 17337
GOOG 132.998001 3080
GOOG 135.570007 2177
TSLA 255.979996 10886
NFLX 380.000000 419
CSCO 55.889999 1518
IBM. 141.419998 293
TSLA 257.260010 13227
CSCO 56.349998 1785
AMD. 108.949997 9060
CSCO 56.630001 1214
IBM. 142.660004 355
AAPL 178.880005 4362
META 297.019989 1495
AAPL 177.130005 4696
TSLA 245.000000 12946
CSCO 57.099998 2261
NFLX 377.480011 310
IBM. 141.720001 255
NVDA 474.640015 4275
AMD. 114.480003 8308
AMD. 116.360001 6585
IBM. 143.509995 290
AAPL 177.139999 6606
CSCO 57.389999 1407
AMZN 135.460007 4835
NVDA 465.070007 5378
META 301.709991 1541
TSLA 255.139999 11695
AAPL 172.300003 6111
IBM. 144.179993 366
NVDA 457.880005 9628
TSLA 245.070007 11531
AAPL 175.070007 4631
INTC 35.410000 2742
GOOG 137.050003 2814
GOOG 138.429993 1666
CSCO 57.820000 1388
CSCO 57.099998 1138
META 298.000000 3374
NFLX 377.109985 887
NVDA 447.309998 3825
META 299.220001 1754
IBM. 145.410004 356
IBM. 146.300003 277
NFLX 376.500000 430
INTC 34.520000 3575
INTC 33.560001 3990
META 301.410004 1948
GOOG 136.440002 1773
GOOG 137.014999 1581
IBM. 146.419998 224
AMZN 131.619995 4846
AMD. 114.940002 5414
AMZN 133.740005 4144
NVDA 449.410004 3480
NVDA 460.209991 3642
IBM. 146.940002 388
TSLA 251.220001 11836
AMD. 112.889999 5625
NVDA 465.190002 4559
AMZN 135.080002 3293
NVDA 466.679993 3311
NVDA 467.540009 2510
AMZN 134.500000 4280
CSCO 56.970001 1476
TSLA 264.269989 17466
AAPL 177.059998 4208
NFLX 378.010010 503
NVDA 464.600006 2378
IBM. 147.259995 272
AAPL 178.520004 5272
NVDA 458.309998 5301
NFLX 368.429993 477
AAPL 180.669998 5494
AMZN 136.399994 4364
AAPL 177.380005 5144
NFLX 378.049988 329
IBM. 147.910004 373
META 306.329987 1348
AMZN 132.470001 4414
AMD. 111.300003 5729
GOOG 134.600006 1697
AMD. 108.849998 5561
IBM. 147.660004 293
AAPL 180.089996 4382
AAPL 179.699997 5300
IBM. 148.130005 333
NFLX 385.579987 728
AMD. 106.750000 5742
TSLA 270.760010 13599
AMZN 133.779999 3410
GOOG 135.869995 1781
AMD. 111.989998 5381
CSCO 56.759998 1399
IBM. 147.350006 372
META 302.359985 1321
AMZN 133.380005 3864
TSLA 270.070007 11167
META 306.739990 1934
INTC 32.230000 2369
INTC 32.599998 4371
AMD. 110.089996 5432
NFLX 372.779999 915
TSLA 271.320007 10770
TSLA 277.549988 13342
META 311.609985 2810
NVDA 438.000000 3241
NFLX 366.480011 737
INTC 33.220001 2343
NFLX 355.640015 631
IBM. 148.570007 327
AMD. 107.620003 5906
AMD. 102.400002 5988
INTC 32.880001 3232
NFLX 356.209991 512
NVDA 449.850006 3622
AMZN 134.929993 3613
AMZN 135.059998 5878
AAPL 184.940002 6081
AMD. 106.199997 4931
GOOG 137.380005 1718
AMD. 109.400002 4733
AAPL 187.839996 6079
GOOG 137.130005 1521
AMD. 105.650002 5465
NVDA 451.109985 3221
IBM. 147.919998 445
NVDA 448.529999 3538
AMD. 111.059998 10917
IBM. 145.949997 262
AAPL 189.490005 4573
NFLX 361.100006 590
AAPL 188.279999 4528
CSCO 56.720001 1584
AMZN 139.460007 4094
GOOG 135.899994 1639
META 298.190002 1423
NFLX 351.000000 1142
CSCO 56.650002 1391
NFLX 404.739990 2807
NFLX 405.630005 1276
TSLA 271.160004 10154
AAPL 188.399994 8175
IBM. 147.380005 272
NFLX 403.320007 739
TSLA 264.350006 10370
GOOG 138.389999 1906
INTC 33.720001 3793
AMZN 137.729996 4063
AAPL 175.179993 11248
AAPL 178.350006 6555
AMD. 101.169998 7479
NVDA 442.739990 5864
NFLX 409.679993 645
NVDA 421.600006 4927
CSCO 56.320000 1309
META 302.480011 1592
NFLX 416.019989 629
AAPL 180.070007 5895
META 305.049988 1937
NVDA 417.510010 5320
INTC 32.529999 2732
AMD. 103.470001 5538
TSLA 267.040009 12251
META 295.700012 2130
NFLX 411.420013 683
GOOG 138.800003 4894
IBM. 147.110001 623
CSCO 56.419998 1576
INTC 33.500000 2234
INTC 33.490002 2994
AMZN 136.320007 4178
INTC 34.060001 2627
NVDA 404.859985 6902
NVDA 445.600006 6765
META 299.299988 2536
INTC 34.320000 4815
GOOG 137.630005 1623
NVDA 445.200012 5274
CSCO 56.310001 4393
INTC 35.790001 4378
INTC 36.580002 4337
GOOG 138.250000 1547
GOOG 138.830002 2147
TSLA 257.850006 11953
META 295.640015 1898
AMD. 102.110001 5085
AMD. 105.400002 5484
TSLA 257.399994 12752
NVDA 439.700012 4523
NVDA 426.350006 5826
GOOG 132.389999 2204
META 297.660004 1941
AMZN 133.899994 4849
AMD. 106.190002 5891
AMZN 136.860001 3834
META 300.450012 3642
GOOG 131.679993 1734
AAPL 179.490005 9037
NVDA 444.940002 6925
TSLA 243.380005 10463
GOOG 130.770004 1465
NVDA 481.350006 7572
TSLA 242.979996 10199
CSCO 56.009998 1182
AMZN 138.750000 5676
INTC 36.560001 3964
TSLA 244.259995 13659
GOOG 130.914001 2037
TSLA 240.020004 11705
AMZN 142.320007 4266
AMZN 140.949997 6046
META 298.940002 2216
INTC 36.830002 6765
NVDA 458.660004 7790
IBM. 145.770004 250
GOOG 129.440002 1876
NVDA 502.160004 11560
IBM. 145.000000 394
CSCO 56.180000 1074
AMD. 107.000000 5480
NVDA 470.119995 9253
GOOG 130.690002 1820
TSLA 250.000000 12834
CSCO 55.950001 1221
IBM. 148.360001 963
AAPL 176.509995 8426
GOOG 134.080002 2322
AAPL 174.000000 6089
META 307.380005 2535
AMZN 145.080002 6403
AMD. 109.000000 6604
GOOG 132.154999 1921
AMD. 110.559998 4773
NVDA 464.820007 6851
NVDA 466.660004 7013
AAPL 176.479996 10920
AMD. 106.139999 4908
TSLA 244.809998 12381
META 302.739990 1626
IBM. 149.000000 494
CSCO 53.410000 3743
CSCO 53.400002 1786
META 304.260010 1736
CSCO 53.459999 1422
AAPL 176.479996 6725
NVDA 490.440002 7352
IBM. 147.410004 256
TSLA 248.610001 10198
INTC 38.119999 4425
GOOG 134.929993 1962
GOOG 133.660004 2284
META 298.730011 1688
AMZN 142.690002 10286
AAPL 177.520004 5182
IBM. 146.570007 269
INTC 38.240002 3634
AMZN 140.479996 4282
META 304.630005 1913
AMZN 138.699997 6148
GOOG 136.130005 1592
CSCO 53.180000 1561
IBM. 145.509995 482
AAPL 179.259995 5843
AAPL 174.550003 6304
NVDA 493.799988 5285
AMZN 138.550003 4626
CSCO 52.889999 1584
CSCO 53.369999 1720
CSCO 54.160000 1395
IBM. 143.669998 443
NVDA 497.619995 4631
AMZN 131.940002 7023
GOOG 134.940002 2081
GOOG 137.990005 1659
AAPL 174.669998 5672
INTC 38.650002 5532
GOOG 139.509995 1955
GOOG 139.850006 2014
INTC 38.799999 3540
TSLA 248.139999 12972
AMZN 131.110001 5990
NVDA 482.230011 3826
AMD. 107.019997 4623
AMD. 107.320000 5061
INTC 38.810001 3061
AMD. 104.199997 4441
CSCO 53.840000 1393
CSCO 53.860001 1570
INTC 38.419998 6886
INTC 37.619999 2932
NVDA 484.410004 4686
AAPL 174.199997 4617
AMD. 105.099998 4470
INTC 38.040001 5328
CSCO 53.660000 1700
GOOG 142.160004 1817
AMD. 108.430000 4592
GOOG 140.649994 1943
GOOG 139.729996 1734
TSLA 260.000000 11915
NVDA 455.250000 4333
TSLA 253.979996 11794
IBM. 142.139999 578
META 301.440002 2178
IBM. 142.000000 570
CSCO 53.400002 1492
META 312.500000 2250
CSCO 52.990002 1566
GOOG 140.029999 1742
TSLA 255.309998 10137
IBM. 140.039993 327
INTC 36.220001 5766
TSLA 257.750000 12265
AMZN 129.360001 4601
AMZN 130.119995 7304
META 319.119995 1903
TSLA 266.200012 10370
CSCO 53.349998 1016
CSCO 53.959999 1310
NVDA 459.420013 4730
NVDA 461.480011 4739
NVDA 447.380005 3492
AMZN 125.760002 6655
GOOG 140.750000 1830
TSLA 262.920013 11150
META 323.010010 2203
CSCO 53.930000 1265
CSCO 54.020000 1184
NVDA 446.000000 3983
CSCO 53.880001 1441
AAPL 174.820007 6458
AMD. 106.070000 7101
IBM. 140.869995 328
AAPL 172.619995 6692
NVDA 459.500000 3700
GOOG 139.800003 2183
IBM. 140.369995 263
META 328.000000 2053
META 323.529999 2134
AMZN 124.040001 5455
IBM. 140.899994 322
IBM. 141.399994 351
INTC 34.570000 4521
TSLA 258.899994 10207
INTC 34.810001 2923
INTC 34.000000 2172
GOOG 138.589996 2495
CSCO 54.070000 1173
GOOG 136.229996 2078
NVDA 453.410004 5057
GOOG 139.160004 2653
AAPL 169.339996 5629
META 318.640015 1653
AMZN 128.199997 6237
INTC 34.139999 3419
AMZN 127.279999 4802
TSLA 250.050003 8891
NVDA 427.480011 5002
IBM. 142.300003 235
IBM. 142.600006 301
INTC 33.919998 4436
META 318.179993 1638
AMZN 128.059998 5156
GOOG 129.770004 5879
NVDA 438.329987 3730
INTC 34.650002 3226
GOOG 124.470001 3375
META 321.390015 1685
NVDA 436.000000 3671
META 319.880005 1870
CSCO 53.790001 1710
AMZN 126.059998 4420
CSCO 53.790001 1308
AAPL 172.020004 5181
AAPL 171.220001 5216
TSLA 250.100006 9356
CSCO 53.759998 1632
IBM. 142.509995 251
AAPL 172.259995 4959
IBM. 142.509995 392
CSCO 53.389999 2388
AMD. 100.820000 4906
TSLA 252.699997 12514
AMZN 126.709999 3966
META 314.140015 2228
META 309.500000 1779
TSLA 225.949997 17077
TSLA 217.009995 13773
INTC 35.650002 2875
AMZN 124.160004 4679
INTC 35.610001 2608
NVDA 415.829987 4489
IBM. 139.770004 458
INTC 35.270000 4529
IBM. 139.279999 336
AMD. 101.750000 4170
TSLA 210.000000 15068
AMZN 126.220001 3877
TSLA 216.500000 11823
NVDA 415.720001 4792
TSLA 215.880005 10706
META 316.779999 1952
IBM. 137.119995 417
AMZN 128.820007 4217
AAPL 171.089996 5302
INTC 36.520000 3984
AAPL 173.789993 4852
AMZN 129.740005 4074
INTC 35.970001 2577
CSCO 52.820000 1776
IBM. 140.000000 333
IBM. 138.639999 531
AAPL 173.800003 5722
NVDA 415.910004 4190
AAPL 176.809998 4239
AMD. 102.360001 5518
AAPL 178.100006 4369
NVDA 420.010010 4022
AMZN 132.169998 5552
NVDA 423.299988 4449
CSCO 52.259998 1482
AAPL 178.199997 4755
AMD. 98.599998 5962
META 310.000000 4219
CSCO 53.110001 1438
AMZN 132.979996 4578
TSLA 211.320007 11458
NVDA 424.600006 4246
NVDA 438.269989 3972
AMD. 96.919998 5216
INTC 35.869999 3325
IBM. 138.149994 486
AAPL 180.070007 5674
META 295.000000 6653
CSCO 51.869999 1758
AAPL 181.419998 5142
IBM. 136.630005 345
AMD. 95.949997 4322
IBM. 136.740005 369
AMZN 130.690002 4283
INTC 35.700001 1937
IBM. 137.500000 647
INTC 36.139999 2404
AAPL 176.750000 5251
AAPL 176.649994 5754
IBM. 142.199997 1112
INTC 36.619999 1926
AAPL 175.580002 5476
AMZN 130.389999 4934
NVDA 440.299988 4332
NVDA 448.079987 4708
AAPL 176.039993 5930
INTC 36.799999 2363
AMD. 96.500000 4286
AMD. 96.820000 5126
AMZN 129.899994 4269
INTC 36.740002 2839
NVDA 437.420013 3618
AMZN 130.570007 6096
AMD. 97.940002 7254
NVDA 440.500000 3934
INTC 36.139999 2955
AAPL 175.309998 6418
AMZN 128.050003 5634
AMD. 104.690002 5602
AAPL 170.910004 5598
AAPL 173.050003 4381
AAPL 171.880005 5715
INTC 35.919998 2499
AMZN 124.629997 4826
NVDA 441.929993 4333
AAPL 170.369995 7034
INTC 35.520000 2208
INTC 35.959999 2920
NVDA 448.420013 4096
INTC 35.650002 3229
NVDA 453.100006 3685
AMZN 127.739998 4647
AMD. 102.209999 4511
AMD. 101.800003 4811
INTC 34.599998 5392
AMD. 100.650002 5102
INTC 33.639999 5267
NVDA 461.959991 3781
AMZN 126.040001 7457
AMD. 103.410004 5178
AMD. 102.160004 6480
INTC 34.180000 4465
AMD. 106.010002 3959
INTC 32.889999 5874
NVDA 467.769989 4813
AMD. 107.489998 5710
AMD. 109.139999 5108
AMZN 120.629997 9651
NVDA 469.600006 4741
AMD. 108.400002 6095
AMD. 108.650002 5288
AMD. 105.419998 4246
AMD. 103.540001 4964
NVDA 450.630005 3750
AMD. 103.379997 5045
NVDA 440.000000 8123
NVDA 425.910004 6272
AMD. 103.809998 5273
AMD. 102.279999 6128
AMD. 100.809998 5081
NVDA 428.109985 5012
NVDA 418.899994 4763
NVDA 412.290009 4785
NVDA 430.769989 4014
AMD. 100.970001 5198
NVDA 433.980011 3983
NVDA 418.529999 5377
AMD. 100.419998 5342
AMD. 95.989998 4971
